<?xml version="1.0" encoding="UTF-8"?>
<!-- Generated by org.testng.reporters.JUnitXMLReporter -->
<testsuite hostname="LT-CHN-33875" name="Test" tests="71" failures="2" timestamp="21 Mar 2021 18:44:00 GMT" time="171.846" errors="0">
  <testcase name="itemTypeFields" time="3.974" classname="TestSute.ManualEntry"/>
  <testcase name="itemTypeFields" time="1.395" classname="TestSute.ManualEntry"/>
  <testcase name="itemTypeFields" time="1.332" classname="TestSute.ManualEntry"/>
  <testcase name="itemTypeFields" time="1.349" classname="TestSute.ManualEntry"/>
  <testcase name="itemTypeFields" time="1.38" classname="TestSute.ManualEntry"/>
  <testcase name="itemTypeFields" time="1.357" classname="TestSute.ManualEntry"/>
  <testcase name="itemTypeFields" time="1.339" classname="TestSute.ManualEntry"/>
  <testcase name="itemTypeFields" time="1.372" classname="TestSute.ManualEntry"/>
  <testcase name="itemTypeFields" time="1.328" classname="TestSute.ManualEntry"/>
  <testcase name="itemTypeFields" time="1.363" classname="TestSute.ManualEntry"/>
  <testcase name="itemTypeFields" time="1.316" classname="TestSute.ManualEntry"/>
  <testcase name="itemTypeFields" time="1.482" classname="TestSute.ManualEntry"/>
  <testcase name="itemTypeFields" time="1.33" classname="TestSute.ManualEntry"/>
  <testcase name="itemTypeFields" time="1.32" classname="TestSute.ManualEntry"/>
  <testcase name="itemTypeFields" time="1.336" classname="TestSute.ManualEntry"/>
  <testcase name="itemTypeFields" time="1.58" classname="TestSute.ManualEntry"/>
  <testcase name="itemTypeFields" time="1.781" classname="TestSute.ManualEntry"/>
  <testcase name="itemTypeFields" time="1.342" classname="TestSute.ManualEntry"/>
  <testcase name="itemTypeFields" time="1.332" classname="TestSute.ManualEntry"/>
  <testcase name="itemTypeFields" time="1.307" classname="TestSute.ManualEntry"/>
  <testcase name="itemTypeFields" time="1.378" classname="TestSute.ManualEntry"/>
  <testcase name="itemTypeFields" time="1.315" classname="TestSute.ManualEntry"/>
  <testcase name="itemTypeFields" time="1.339" classname="TestSute.ManualEntry"/>
  <testcase name="itemTypeFields" time="1.359" classname="TestSute.ManualEntry"/>
  <testcase name="itemTypeFields" time="1.328" classname="TestSute.ManualEntry"/>
  <testcase name="itemTypeFields" time="1.291" classname="TestSute.ManualEntry"/>
  <testcase name="itemTypeFields" time="1.295" classname="TestSute.ManualEntry"/>
  <testcase name="itemTypeFields" time="1.339" classname="TestSute.ManualEntry"/>
  <testcase name="itemTypeFields" time="1.36" classname="TestSute.ManualEntry"/>
  <testcase name="itemTypeFields" time="1.352" classname="TestSute.ManualEntry"/>
  <testcase name="itemTypeFields" time="1.333" classname="TestSute.ManualEntry"/>
  <testcase name="itemTypeFields" time="1.555" classname="TestSute.ManualEntry"/>
  <testcase name="itemTypeFields" time="1.307" classname="TestSute.ManualEntry"/>
  <testcase name="itemTypeFields" time="1.297" classname="TestSute.ManualEntry"/>
  <testcase name="itemTypeFields" time="1.294" classname="TestSute.ManualEntry"/>
  <testcase name="itemTypeCreatorTypes" time="1.26" classname="TestSute.ManualEntry"/>
  <testcase name="itemTypeCreatorTypes" time="1.275" classname="TestSute.ManualEntry"/>
  <testcase name="itemTypeCreatorTypes" time="1.319" classname="TestSute.ManualEntry"/>
  <testcase name="itemTypeCreatorTypes" time="1.32" classname="TestSute.ManualEntry"/>
  <testcase name="itemTypeCreatorTypes" time="1.316" classname="TestSute.ManualEntry"/>
  <testcase name="itemTypeCreatorTypes" time="1.325" classname="TestSute.ManualEntry"/>
  <testcase name="itemTypeCreatorTypes" time="1.305" classname="TestSute.ManualEntry"/>
  <testcase name="itemTypeCreatorTypes" time="1.277" classname="TestSute.ManualEntry"/>
  <testcase name="itemTypeCreatorTypes" time="1.33" classname="TestSute.ManualEntry"/>
  <testcase name="itemTypeCreatorTypes" time="1.936" classname="TestSute.ManualEntry"/>
  <testcase name="itemTypeCreatorTypes" time="1.284" classname="TestSute.ManualEntry"/>
  <testcase name="itemTypeCreatorTypes" time="1.31" classname="TestSute.ManualEntry"/>
  <testcase name="itemTypeCreatorTypes" time="1.424" classname="TestSute.ManualEntry"/>
  <testcase name="itemTypeCreatorTypes" time="1.309" classname="TestSute.ManualEntry"/>
  <testcase name="itemTypeCreatorTypes" time="1.313" classname="TestSute.ManualEntry"/>
  <testcase name="itemTypeCreatorTypes" time="1.278" classname="TestSute.ManualEntry"/>
  <testcase name="itemTypeCreatorTypes" time="1.335" classname="TestSute.ManualEntry"/>
  <testcase name="itemTypeCreatorTypes" time="1.328" classname="TestSute.ManualEntry"/>
  <testcase name="itemTypeCreatorTypes" time="1.28" classname="TestSute.ManualEntry"/>
  <testcase name="itemTypeCreatorTypes" time="1.325" classname="TestSute.ManualEntry"/>
  <testcase name="itemTypeCreatorTypes" time="1.289" classname="TestSute.ManualEntry"/>
  <testcase name="itemTypeCreatorTypes" time="1.259" classname="TestSute.ManualEntry"/>
  <testcase name="itemTypeCreatorTypes" time="1.316" classname="TestSute.ManualEntry"/>
  <testcase name="itemTypeCreatorTypes" time="1.322" classname="TestSute.ManualEntry"/>
  <testcase name="itemTypeCreatorTypes" time="1.533" classname="TestSute.ManualEntry">
    <failure type="io.restassured.path.json.exception.JsonPathException" message="Failed to parse the JSON document">
      <![CDATA[io.restassured.path.json.exception.JsonPathException: Failed to parse the JSON document
	at io.restassured.path.json.JsonPath$ExceptionCatcher.invoke(JsonPath.java:930)
	at io.restassured.path.json.JsonPath$4.doParseWith(JsonPath.java:895)
	at io.restassured.path.json.JsonPath$JsonParser.parseWith(JsonPath.java:975)
	at io.restassured.path.json.JsonPath.get(JsonPath.java:201)
	at TestSute.ManualEntry.itemTypeCreatorTypes(ManualEntry.java:167)
Caused by: groovy.json.JsonException: Lexing failed on line: 1, column: 1, while reading '<', no possible valid JSON value or punctuation could be recognized.
	at groovy.json.JsonLexer.nextToken(JsonLexer.java:83)
	at groovy.json.JsonLexer$nextToken.call(Unknown Source)
	at io.restassured.internal.path.json.ConfigurableJsonSlurper.parse(ConfigurableJsonSlurper.groovy:97)
	at io.restassured.internal.path.json.ConfigurableJsonSlurper$parse.callCurrent(Unknown Source)
	at io.restassured.internal.path.json.ConfigurableJsonSlurper.parseText(ConfigurableJsonSlurper.groovy:83)
	at io.restassured.path.json.JsonPath$4$1.method(JsonPath.java:893)
	at io.restassured.path.json.JsonPath$ExceptionCatcher.invoke(JsonPath.java:928)
	... 27 more
... Removed 23 stack frames]]>
    </failure>
  </testcase> <!-- itemTypeCreatorTypes -->
  <testcase name="itemTypeCreatorTypes" time="1.307" classname="TestSute.ManualEntry"/>
  <testcase name="itemTypeCreatorTypes" time="1.279" classname="TestSute.ManualEntry"/>
  <testcase name="itemTypeCreatorTypes" time="1.312" classname="TestSute.ManualEntry"/>
  <testcase name="itemTypeCreatorTypes" time="1.298" classname="TestSute.ManualEntry"/>
  <testcase name="itemTypeCreatorTypes" time="1.333" classname="TestSute.ManualEntry"/>
  <testcase name="itemTypeCreatorTypes" time="1.315" classname="TestSute.ManualEntry"/>
  <testcase name="itemTypeCreatorTypes" time="1.278" classname="TestSute.ManualEntry"/>
  <testcase name="itemTypeCreatorTypes" time="1.266" classname="TestSute.ManualEntry"/>
  <testcase name="itemTypeCreatorTypes" time="1.451" classname="TestSute.ManualEntry"/>
  <testcase name="itemTypeCreatorTypes" time="1.44" classname="TestSute.ManualEntry"/>
  <testcase name="endToEnd" time="73.761" classname="TestSute.ManualEntry">
    <failure type="io.restassured.path.json.exception.JsonPathException" message="Failed to parse the JSON document">
      <![CDATA[io.restassured.path.json.exception.JsonPathException: Failed to parse the JSON document
	at io.restassured.path.json.JsonPath$ExceptionCatcher.invoke(JsonPath.java:930)
	at io.restassured.path.json.JsonPath$4.doParseWith(JsonPath.java:895)
	at io.restassured.path.json.JsonPath$JsonParser.parseWith(JsonPath.java:975)
	at io.restassured.path.json.JsonPath.get(JsonPath.java:201)
	at TestSute.ManualEntry.endToEnd(ManualEntry.java:218)
Caused by: groovy.json.JsonException: Lexing failed on line: 1, column: 1, while reading '<', no possible valid JSON value or punctuation could be recognized.
	at groovy.json.JsonLexer.nextToken(JsonLexer.java:83)
	at groovy.json.JsonLexer$nextToken.call(Unknown Source)
	at io.restassured.internal.path.json.ConfigurableJsonSlurper.parse(ConfigurableJsonSlurper.groovy:97)
	at io.restassured.internal.path.json.ConfigurableJsonSlurper$parse.callCurrent(Unknown Source)
	at io.restassured.internal.path.json.ConfigurableJsonSlurper.parseText(ConfigurableJsonSlurper.groovy:83)
	at io.restassured.path.json.JsonPath$4$1.method(JsonPath.java:893)
	at io.restassured.path.json.JsonPath$ExceptionCatcher.invoke(JsonPath.java:928)
	... 28 more
... Removed 24 stack frames]]>
    </failure>
  </testcase> <!-- endToEnd -->
</testsuite> <!-- Test -->
