<?xml version="1.0" encoding="UTF-8"?>
<!-- Generated by org.testng.reporters.JUnitXMLReporter -->
<testsuite hostname="LT-CHN-33875" name="Test" tests="72" failures="2" timestamp="21 Mar 2021 22:37:25 GMT" time="240.521" errors="0">
  <testcase name="itemTypeFields" time="3.653" classname="TestSute.ManualEntryWithAPI"/>
  <testcase name="itemTypeFields" time="1.356" classname="TestSute.ManualEntryWithAPI"/>
  <testcase name="itemTypeFields" time="1.345" classname="TestSute.ManualEntryWithAPI"/>
  <testcase name="itemTypeFields" time="1.336" classname="TestSute.ManualEntryWithAPI"/>
  <testcase name="itemTypeFields" time="1.331" classname="TestSute.ManualEntryWithAPI"/>
  <testcase name="itemTypeFields" time="1.325" classname="TestSute.ManualEntryWithAPI"/>
  <testcase name="itemTypeFields" time="1.325" classname="TestSute.ManualEntryWithAPI"/>
  <testcase name="itemTypeFields" time="1.363" classname="TestSute.ManualEntryWithAPI"/>
  <testcase name="itemTypeFields" time="1.342" classname="TestSute.ManualEntryWithAPI"/>
  <testcase name="itemTypeFields" time="1.803" classname="TestSute.ManualEntryWithAPI"/>
  <testcase name="itemTypeFields" time="1.362" classname="TestSute.ManualEntryWithAPI"/>
  <testcase name="itemTypeFields" time="1.409" classname="TestSute.ManualEntryWithAPI"/>
  <testcase name="itemTypeFields" time="1.332" classname="TestSute.ManualEntryWithAPI"/>
  <testcase name="itemTypeFields" time="1.36" classname="TestSute.ManualEntryWithAPI"/>
  <testcase name="itemTypeFields" time="1.37" classname="TestSute.ManualEntryWithAPI"/>
  <testcase name="itemTypeFields" time="1.36" classname="TestSute.ManualEntryWithAPI"/>
  <testcase name="itemTypeFields" time="1.31" classname="TestSute.ManualEntryWithAPI"/>
  <testcase name="itemTypeFields" time="1.341" classname="TestSute.ManualEntryWithAPI"/>
  <testcase name="itemTypeFields" time="1.363" classname="TestSute.ManualEntryWithAPI"/>
  <testcase name="itemTypeFields" time="1.335" classname="TestSute.ManualEntryWithAPI"/>
  <testcase name="itemTypeFields" time="1.367" classname="TestSute.ManualEntryWithAPI"/>
  <testcase name="itemTypeFields" time="1.341" classname="TestSute.ManualEntryWithAPI"/>
  <testcase name="itemTypeFields" time="1.333" classname="TestSute.ManualEntryWithAPI"/>
  <testcase name="itemTypeFields" time="1.293" classname="TestSute.ManualEntryWithAPI"/>
  <testcase name="itemTypeFields" time="1.377" classname="TestSute.ManualEntryWithAPI"/>
  <testcase name="itemTypeFields" time="1.521" classname="TestSute.ManualEntryWithAPI"/>
  <testcase name="itemTypeFields" time="1.354" classname="TestSute.ManualEntryWithAPI"/>
  <testcase name="itemTypeFields" time="1.333" classname="TestSute.ManualEntryWithAPI"/>
  <testcase name="itemTypeFields" time="1.492" classname="TestSute.ManualEntryWithAPI"/>
  <testcase name="itemTypeFields" time="1.363" classname="TestSute.ManualEntryWithAPI"/>
  <testcase name="itemTypeFields" time="1.429" classname="TestSute.ManualEntryWithAPI"/>
  <testcase name="itemTypeFields" time="1.42" classname="TestSute.ManualEntryWithAPI"/>
  <testcase name="itemTypeFields" time="1.315" classname="TestSute.ManualEntryWithAPI"/>
  <testcase name="itemTypeFields" time="1.34" classname="TestSute.ManualEntryWithAPI"/>
  <testcase name="itemTypeFields" time="1.331" classname="TestSute.ManualEntryWithAPI"/>
  <testcase name="itemTypeCreatorTypes" time="1.309" classname="TestSute.ManualEntryWithAPI"/>
  <testcase name="itemTypeCreatorTypes" time="1.296" classname="TestSute.ManualEntryWithAPI"/>
  <testcase name="itemTypeCreatorTypes" time="1.345" classname="TestSute.ManualEntryWithAPI"/>
  <testcase name="itemTypeCreatorTypes" time="1.353" classname="TestSute.ManualEntryWithAPI"/>
  <testcase name="itemTypeCreatorTypes" time="1.345" classname="TestSute.ManualEntryWithAPI"/>
  <testcase name="itemTypeCreatorTypes" time="1.346" classname="TestSute.ManualEntryWithAPI"/>
  <testcase name="itemTypeCreatorTypes" time="1.33" classname="TestSute.ManualEntryWithAPI"/>
  <testcase name="itemTypeCreatorTypes" time="1.322" classname="TestSute.ManualEntryWithAPI"/>
  <testcase name="itemTypeCreatorTypes" time="1.318" classname="TestSute.ManualEntryWithAPI"/>
  <testcase name="itemTypeCreatorTypes" time="1.449" classname="TestSute.ManualEntryWithAPI"/>
  <testcase name="itemTypeCreatorTypes" time="1.425" classname="TestSute.ManualEntryWithAPI"/>
  <testcase name="itemTypeCreatorTypes" time="1.42" classname="TestSute.ManualEntryWithAPI"/>
  <testcase name="itemTypeCreatorTypes" time="1.425" classname="TestSute.ManualEntryWithAPI"/>
  <testcase name="itemTypeCreatorTypes" time="1.489" classname="TestSute.ManualEntryWithAPI"/>
  <testcase name="itemTypeCreatorTypes" time="1.391" classname="TestSute.ManualEntryWithAPI"/>
  <testcase name="itemTypeCreatorTypes" time="1.435" classname="TestSute.ManualEntryWithAPI"/>
  <testcase name="itemTypeCreatorTypes" time="1.401" classname="TestSute.ManualEntryWithAPI"/>
  <testcase name="itemTypeCreatorTypes" time="1.438" classname="TestSute.ManualEntryWithAPI"/>
  <testcase name="itemTypeCreatorTypes" time="1.399" classname="TestSute.ManualEntryWithAPI"/>
  <testcase name="itemTypeCreatorTypes" time="2.06" classname="TestSute.ManualEntryWithAPI"/>
  <testcase name="itemTypeCreatorTypes" time="1.487" classname="TestSute.ManualEntryWithAPI"/>
  <testcase name="itemTypeCreatorTypes" time="1.468" classname="TestSute.ManualEntryWithAPI"/>
  <testcase name="itemTypeCreatorTypes" time="1.401" classname="TestSute.ManualEntryWithAPI"/>
  <testcase name="itemTypeCreatorTypes" time="1.396" classname="TestSute.ManualEntryWithAPI"/>
  <testcase name="itemTypeCreatorTypes" time="2.238" classname="TestSute.ManualEntryWithAPI">
    <failure type="io.restassured.path.json.exception.JsonPathException" message="Failed to parse the JSON document">
      <![CDATA[io.restassured.path.json.exception.JsonPathException: Failed to parse the JSON document
	at io.restassured.path.json.JsonPath$ExceptionCatcher.invoke(JsonPath.java:930)
	at io.restassured.path.json.JsonPath$4.doParseWith(JsonPath.java:895)
	at io.restassured.path.json.JsonPath$JsonParser.parseWith(JsonPath.java:975)
	at io.restassured.path.json.JsonPath.get(JsonPath.java:201)
	at TestSute.ManualEntryWithAPI.itemTypeCreatorTypes(ManualEntryWithAPI.java:167)
Caused by: groovy.json.JsonException: Lexing failed on line: 1, column: 1, while reading '<', no possible valid JSON value or punctuation could be recognized.
	at groovy.json.JsonLexer.nextToken(JsonLexer.java:83)
	at groovy.json.JsonLexer$nextToken.call(Unknown Source)
	at io.restassured.internal.path.json.ConfigurableJsonSlurper.parse(ConfigurableJsonSlurper.groovy:97)
	at io.restassured.internal.path.json.ConfigurableJsonSlurper$parse.callCurrent(Unknown Source)
	at io.restassured.internal.path.json.ConfigurableJsonSlurper.parseText(ConfigurableJsonSlurper.groovy:83)
	at io.restassured.path.json.JsonPath$4$1.method(JsonPath.java:893)
	at io.restassured.path.json.JsonPath$ExceptionCatcher.invoke(JsonPath.java:928)
	... 27 more
... Removed 23 stack frames]]>
    </failure>
  </testcase> <!-- itemTypeCreatorTypes -->
  <testcase name="itemTypeCreatorTypes" time="1.452" classname="TestSute.ManualEntryWithAPI"/>
  <testcase name="itemTypeCreatorTypes" time="2.064" classname="TestSute.ManualEntryWithAPI"/>
  <testcase name="itemTypeCreatorTypes" time="1.405" classname="TestSute.ManualEntryWithAPI"/>
  <testcase name="itemTypeCreatorTypes" time="1.427" classname="TestSute.ManualEntryWithAPI"/>
  <testcase name="itemTypeCreatorTypes" time="1.474" classname="TestSute.ManualEntryWithAPI"/>
  <testcase name="itemTypeCreatorTypes" time="1.45" classname="TestSute.ManualEntryWithAPI"/>
  <testcase name="itemTypeCreatorTypes" time="1.407" classname="TestSute.ManualEntryWithAPI"/>
  <testcase name="itemTypeCreatorTypes" time="1.441" classname="TestSute.ManualEntryWithAPI"/>
  <testcase name="itemTypeCreatorTypes" time="1.431" classname="TestSute.ManualEntryWithAPI"/>
  <testcase name="itemTypeCreatorTypes" time="1.413" classname="TestSute.ManualEntryWithAPI"/>
  <testcase name="endToEnd" time="71.623" classname="TestSute.ManualEntryWithAPI">
    <failure type="io.restassured.path.json.exception.JsonPathException" message="Failed to parse the JSON document">
      <![CDATA[io.restassured.path.json.exception.JsonPathException: Failed to parse the JSON document
	at io.restassured.path.json.JsonPath$ExceptionCatcher.invoke(JsonPath.java:930)
	at io.restassured.path.json.JsonPath$4.doParseWith(JsonPath.java:895)
	at io.restassured.path.json.JsonPath$JsonParser.parseWith(JsonPath.java:975)
	at io.restassured.path.json.JsonPath.get(JsonPath.java:201)
	at TestSute.ManualEntryWithAPI.endToEnd(ManualEntryWithAPI.java:211)
Caused by: groovy.json.JsonException: Lexing failed on line: 1, column: 1, while reading '<', no possible valid JSON value or punctuation could be recognized.
	at groovy.json.JsonLexer.nextToken(JsonLexer.java:83)
	at groovy.json.JsonLexer$nextToken.call(Unknown Source)
	at io.restassured.internal.path.json.ConfigurableJsonSlurper.parse(ConfigurableJsonSlurper.groovy:97)
	at io.restassured.internal.path.json.ConfigurableJsonSlurper$parse.callCurrent(Unknown Source)
	at io.restassured.internal.path.json.ConfigurableJsonSlurper.parseText(ConfigurableJsonSlurper.groovy:83)
	at io.restassured.path.json.JsonPath$4$1.method(JsonPath.java:893)
	at io.restassured.path.json.JsonPath$ExceptionCatcher.invoke(JsonPath.java:928)
	... 28 more
... Removed 24 stack frames]]>
    </failure>
  </testcase> <!-- endToEnd -->
  <testcase name="zoteroBib" time="66.887" classname="TestSute.ManualEntryWithSel"/>
</testsuite> <!-- Test -->
