<?xml version="1.0" encoding="UTF-8"?>
<testng-results skipped="0" failed="0" total="1" passed="1">
  <reporter-output>
  </reporter-output>
  <suite name="Default suite" duration-ms="7038" started-at="2021-03-21T17:24:41Z" finished-at="2021-03-21T17:24:48Z">
    <groups>
    </groups>
    <test name="Default test" duration-ms="7038" started-at="2021-03-21T17:24:41Z" finished-at="2021-03-21T17:24:48Z">
      <class name="TestSute.ManualEntry">
        <test-method status="PASS" signature="setup()[pri:0, instance:TestSute.ManualEntry@239963d8]" name="setup" is-config="true" duration-ms="7" started-at="2021-03-21T22:54:41Z" finished-at="2021-03-21T22:54:41Z">
          <reporter-output>
          </reporter-output>
        </test-method> <!-- setup -->
        <test-method status="PASS" signature="updateExcelFieds()[pri:0, instance:TestSute.ManualEntry@239963d8]" name="updateExcelFieds" duration-ms="7022" started-at="2021-03-21T22:54:41Z" finished-at="2021-03-21T22:54:48Z">
          <reporter-output>
          </reporter-output>
        </test-method> <!-- updateExcelFieds -->
      </class> <!-- TestSute.ManualEntry -->
    </test> <!-- Default test -->
  </suite> <!-- Default suite -->
</testng-results>
