<?xml version="1.0" encoding="UTF-8"?>
<testng-results skipped="0" failed="0" total="1" passed="1">
  <reporter-output>
  </reporter-output>
  <suite name="Default suite" duration-ms="29766" started-at="2021-03-21T21:58:14Z" finished-at="2021-03-21T21:58:43Z">
    <groups>
    </groups>
    <test name="Default test" duration-ms="29766" started-at="2021-03-21T21:58:14Z" finished-at="2021-03-21T21:58:43Z">
      <class name="TestSute.ManualEntryWithSel">
        <test-method status="PASS" signature="zoteroBib()[pri:0, instance:TestSute.ManualEntryWithSel@66a3ffec]" name="zoteroBib" duration-ms="29766" started-at="2021-03-22T03:28:14Z" finished-at="2021-03-22T03:28:43Z">
          <reporter-output>
          </reporter-output>
        </test-method> <!-- zoteroBib -->
      </class> <!-- TestSute.ManualEntryWithSel -->
    </test> <!-- Default test -->
  </suite> <!-- Default suite -->
</testng-results>
